# Server version 0.08 running on vpn67193.vpn.mcgill.ca:8123
# Game ID: 1
# Board class: pentago_swap.PentagoBoard
# Timeout: 2000
# First Move Timeout: 30000
# Date: Sat Mar 09 17:09:32 EST 2019
# Player 1: Player-0, 'Human', running on vpn67193.vpn.mcgill.ca
# Player 2: Player-1, 'RandomPlayer', running on vpn67193.vpn.mcgill.ca
START Player-0 Human
START Player-1 RandomPlayer
3 2 TR BR 0
0 1 TR BR 1
3 1 BL TL 0
3 3 TL TR 1
0 3 TL TR 0
2 0 BL BR 1
0 3 BL BR 0
4 0 TL BL 1
0 4 BL TL 0
GAMEOVER WINNER 0
# Game ended: Sat Mar 09 17:10:01 EST 2019
