# Server version 0.08 running on vpn67193.vpn.mcgill.ca:8123
# Game ID: 3
# Board class: pentago_swap.PentagoBoard
# Timeout: 2000
# First Move Timeout: 30000
# Date: Sat Mar 09 17:12:35 EST 2019
# Player 1: Player-0, 'Human', running on vpn67193.vpn.mcgill.ca
# Player 2: Player-1, 'RandomPlayer', running on vpn67193.vpn.mcgill.ca
START Player-0 Human
START Player-1 RandomPlayer
2 2 TL BL 0
0 1 TR BR 1
4 1 BL TR 0
3 3 TL TR 1
0 3 BR TR 0
1 5 BL BR 1
4 1 BL BR 0
3 5 TL BL 1
3 0 BL TL 0
GAMEOVER WINNER 0
# Game ended: Sat Mar 09 17:13:09 EST 2019
